<?xml version="1.0" encoding="UTF-8"?>
<testsuite xmlns:xsi="http://www.w3.org/2001/XMLSchema-instance" xsi:noNamespaceSchemaLocation="https://maven.apache.org/surefire/maven-surefire-plugin/xsd/surefire-test-report.xsd" version="3.0.2" name="TestSuite" time="49.453" tests="10" errors="0" skipped="0" failures="0">
  <properties>
[...]
</properties>
  <testcase name="test01_AdminLogin" classname="com.employee.automation.TestNG_Report" time="4.014">
    <system-out><![CDATA[
========================================
  Employee Portal — Full Automation Test
  Admin Password : asbardy
  URL            : http://localhost:5173/
========================================

--- Test 1: Admin Login (password: asbardy) ---
  Admin login with password 'asbardy'                     [PASS]
]]></system-out>
    <system-err><![CDATA[SLF4J(W): No SLF4J providers were found.
SLF4J(W): Defaulting to no-operation (NOP) logger implementation
SLF4J(W): See https://www.slf4j.org/codes.html#noProviders for further details.
Jul 18, 2026 11:09:59 AM org.openqa.selenium.devtools.CdpVersionFinder findNearestMatch
WARNING: Unable to find an exact match for CDP version 150, returning the closest version; found: 149; Please update to a Selenium version that supports CDP version 150
]]></system-err>
  </testcase>
  <testcase name="test02_Dashboard" classname="com.employee.automation.TestNG_Report" time="3.89">
    <system-out><![CDATA[--- Test 2: Dashboard ---
  Dashboard stat cards visible                            [PASS]
  Sidebar rendered correctly                              [PASS]
]]></system-out>
  </testcase>
  <testcase name="test03_EmployeesSection" classname="com.employee.automation.TestNG_Report" time="5.344">
    <system-out><![CDATA[--- Test 3: Employees Section ---
  Employee list with EMP-IDs rendered                     [PASS]
  Search filter for 'Bala' works                          [PASS]
  Add Employee form visible (admin)                       [PASS]
]]></system-out>
  </testcase>
  <testcase name="test04_AttendanceSection" classname="com.employee.automation.TestNG_Report" time="5.176">
    <system-out><![CDATA[--- Test 4: Attendance Section ---
  Attendance Present/Absent/Half Day buttons visible      [PASS]
  Date picker input present                               [PASS]
  Clicked 'Present' for first employee                    [PASS]
]]></system-out>
  </testcase>
  <testcase name="test05_ScheduleSection" classname="com.employee.automation.TestNG_Report" time="4.094">
    <system-out><![CDATA[--- Test 5: Schedule / Work Tasks ---
  Task status labels visible (Pending/In Progress/Done)   [PASS]
  Task cards rendered (3 found)                           [PASS]
  Countdown timers present                                [FAIL]
  Add Task form visible (admin)                           [PASS]
]]></system-out>
  </testcase>
  <testcase name="test06_SalarySection" classname="com.employee.automation.TestNG_Report" time="4.138">
    <system-out><![CDATA[--- Test 6: Salary Section ---
  Salary records table visible                            [PASS]
  Salary Paid/Pending status visible                      [PASS]
  Pay Slip buttons present (6 found)                      [PASS]
  Mark Paid buttons present (0 found)                     [PASS]
  Salary Day countdown banner visible                     [PASS]
]]></system-out>
  </testcase>
  <testcase name="test07_LeaveSection" classname="com.employee.automation.TestNG_Report" time="6.121">
    <system-out><![CDATA[--- Test 7: Leave Requests (Admin) ---
  Leave Management section loaded                         [PASS]
  Leave filter tabs rendered (4 tabs)                     [PASS]
  Clicked leave tab: All
1                                [PASS]
  Clicked leave tab: Pending
0                            [PASS]
  Clicked leave tab: Approved
1                           [PASS]
  Clicked leave tab: Rejected
0                           [PASS]
]]></system-out>
  </testcase>
  <testcase name="test08_ChatBot" classname="com.employee.automation.TestNG_Report" time="6.094">
    <system-out><![CDATA[--- Test 8: EmpBot Chatbot ---
  Chatbot panel opened                                    [PASS]
  Bot replied (2 bot messages)                            [PASS]
  Quick prompt clicked successfully                       [PASS]
  Chatbot closed                                          [PASS]
]]></system-out>
  </testcase>
  <testcase name="test09_BackToDashboard" classname="com.employee.automation.TestNG_Report" time="2.78">
    <system-out><![CDATA[--- Test 9: Navigate back to Dashboard ---
  Successfully navigated back to Dashboard                [PASS]
]]></system-out>
  </testcase>
  <testcase name="test10_Logout" classname="com.employee.automation.TestNG_Report" time="1.657">
    <system-out><![CDATA[--- Test 10: Logout ---
  Logout successful — login page visible                  [PASS]
]]></system-out>
  </testcase>
</testsuite>