<?xml version="1.0" encoding="UTF-8"?>
<!-- Generated by org.testng.reporters.JUnitReportReporter -->
<testsuite hostname="ASBARDY" failures="0" tests="10" name="com.employee.automation.TestNG_Report" time="43.316" errors="0" timestamp="2026-07-18T11:10:44 IST" skipped="0">
  <testcase classname="com.employee.automation.TestNG_Report" name="test01_AdminLogin" time="4.020"/>
  <testcase classname="com.employee.automation.TestNG_Report" name="test02_Dashboard" time="3.894"/>
  <testcase classname="com.employee.automation.TestNG_Report" name="test03_EmployeesSection" time="5.342"/>
  <testcase classname="com.employee.automation.TestNG_Report" name="test04_AttendanceSection" time="5.175"/>
  <testcase classname="com.employee.automation.TestNG_Report" name="test05_ScheduleSection" time="4.095"/>
  <testcase classname="com.employee.automation.TestNG_Report" name="test06_SalarySection" time="4.139"/>
  <testcase classname="com.employee.automation.TestNG_Report" name="test07_LeaveSection" time="6.121"/>
  <testcase classname="com.employee.automation.TestNG_Report" name="test08_ChatBot" time="6.094"/>
  <testcase classname="com.employee.automation.TestNG_Report" name="test09_BackToDashboard" time="2.780"/>
  <testcase classname="com.employee.automation.TestNG_Report" name="test10_Logout" time="1.656"/>
</testsuite> <!-- com.employee.automation.TestNG_Report -->
