<?xml version="1.0" encoding="UTF-8"?>
<!-- Generated by org.testng.reporters.JUnitXMLReporter -->
<testsuite ignored="0" hostname="ASBARDY" failures="0" tests="10" name="Surefire test" time="48.772" errors="0" timestamp="2026-07-18T11:10:44 IST">
  <testcase classname="com.employee.automation.TestNG_Report" name="test01_AdminLogin" time="4.02"/>
  <testcase classname="com.employee.automation.TestNG_Report" name="test02_Dashboard" time="3.894"/>
  <testcase classname="com.employee.automation.TestNG_Report" name="test03_EmployeesSection" time="5.342"/>
  <testcase classname="com.employee.automation.TestNG_Report" name="test04_AttendanceSection" time="5.175"/>
  <testcase classname="com.employee.automation.TestNG_Report" name="test05_ScheduleSection" time="4.095"/>
  <testcase classname="com.employee.automation.TestNG_Report" name="test06_SalarySection" time="4.139"/>
  <testcase classname="com.employee.automation.TestNG_Report" name="test07_LeaveSection" time="6.121"/>
  <testcase classname="com.employee.automation.TestNG_Report" name="test08_ChatBot" time="6.094"/>
  <testcase classname="com.employee.automation.TestNG_Report" name="test09_BackToDashboard" time="2.78"/>
  <testcase classname="com.employee.automation.TestNG_Report" name="test10_Logout" time="1.656"/>
</testsuite> <!-- Surefire test -->
